# JRE version: OpenJDK Runtime Environment (20.0.1+9) (build 20.0.1+9-29)
# Java VM: OpenJDK 64-Bit Server VM (20.0.1+9-29, mixed mode, sharing, tiered, compressed oops, compressed class ptrs, g1 gc, windows-amd64)
GC Precious Log:
 CardTable entry size: 512
 Card Set container configuration: InlinePtr #cards 5 size 8 Array Of Cards #cards 12 size 40 Howl #buckets 4 coarsen threshold 1843 Howl Bitmap #cards 512 size 80 coarsen threshold 460 Card regions per heap region 1 cards per card region 2048
 CPUs: 8 total, 8 available
 Memory: 8078M
 Large Page Support: Disabled
 NUMA Support: Disabled
 Compressed Oops: Enabled (32-bit)
 Heap Region Size: 1M
 Heap Min Capacity: 8M
 Heap Initial Capacity: 128M
 Heap Max Capacity: 2020M
 Pre-touch: Disabled
 Parallel Workers: 8
 Concurrent Workers: 2
 Concurrent Refinement Workers: 8
 Periodic GC: Disabled
Heap:
 garbage-first heap   total 61440K, used 37912K [0x0000000081c00000, 0x0000000100000000)
  region size 1024K, 8 young (8192K), 2 survivors (2048K)
 Metaspace       used 61647K, committed 62272K, reserved 1114112K
  class space    used 8172K, committed 8448K, reserved 1048576K
GC Heap History (20 events):
Event: 19.337 GC heap before
{Heap before GC invocations=6 (full 0):
 garbage-first heap   total 51200K, used 40113K [0x0000000081c00000, 0x0000000100000000)
  region size 1024K, 27 young (27648K), 4 survivors (4096K)
 Metaspace       used 33417K, committed 33792K, reserved 1114112K
  class space    used 4357K, committed 4544K, reserved 1048576K
}
Event: 19.350 GC heap after
{Heap after GC invocations=7 (full 0):
 garbage-first heap   total 51200K, used 18796K [0x0000000081c00000, 0x0000000100000000)
  region size 1024K, 4 young (4096K), 4 survivors (4096K)
 Metaspace       used 33417K, committed 33792K, reserved 1114112K
  class space    used 4357K, committed 4544K, reserved 1048576K
}
Event: 19.779 GC heap before
{Heap before GC invocations=7 (full 0):
 garbage-first heap   total 51200K, used 32108K [0x0000000081c00000, 0x0000000100000000)
  region size 1024K, 18 young (18432K), 4 survivors (4096K)
 Metaspace       used 35812K, committed 36160K, reserved 1114112K
  class space    used 4682K, committed 4864K, reserved 1048576K
}
Event: 19.791 GC heap after
{Heap after GC invocations=8 (full 0):
 garbage-first heap   total 51200K, used 20362K [0x0000000081c00000, 0x0000000100000000)
  region size 1024K, 2 young (2048K), 2 survivors (2048K)
 Metaspace       used 35812K, committed 36160K, reserved 1114112K
  class space    used 4682K, committed 4864K, reserved 1048576K
}
Event: 20.843 GC heap before
{Heap before GC invocations=9 (full 0):
 garbage-first heap   total 51200K, used 41866K [0x0000000081c00000, 0x0000000100000000)
  region size 1024K, 23 young (23552K), 2 survivors (2048K)
 Metaspace       used 38222K, committed 38592K, reserved 1114112K
  class space    used 5020K, committed 5184K, reserved 1048576K
}
Event: 20.861 GC heap after
{Heap after GC invocations=10 (full 0):
 garbage-first heap   total 51200K, used 22775K [0x0000000081c00000, 0x0000000100000000)
  region size 1024K, 3 young (3072K), 3 survivors (3072K)
 Metaspace       used 38222K, committed 38592K, reserved 1114112K
  class space    used 5020K, committed 5184K, reserved 1048576K
}
Event: 21.747 GC heap before
{Heap before GC invocations=10 (full 0):
 garbage-first heap   total 51200K, used 42231K [0x0000000081c00000, 0x0000000100000000)
  region size 1024K, 22 young (22528K), 3 survivors (3072K)
 Metaspace       used 39481K, committed 39936K, reserved 1114112K
  class space    used 5179K, committed 5376K, reserved 1048576K
}
Event: 21.758 GC heap after
{Heap after GC invocations=11 (full 0):
 garbage-first heap   total 51200K, used 24988K [0x0000000081c00000, 0x0000000100000000)
  region size 1024K, 3 young (3072K), 3 survivors (3072K)
 Metaspace       used 39481K, committed 39936K, reserved 1114112K
  class space    used 5179K, committed 5376K, reserved 1048576K
}
Event: 22.368 GC heap before
{Heap before GC invocations=11 (full 0):
 garbage-first heap   total 51200K, used 43420K [0x0000000081c00000, 0x0000000100000000)
  region size 1024K, 21 young (21504K), 3 survivors (3072K)
 Metaspace       used 41031K, committed 41472K, reserved 1114112K
  class space    used 5381K, committed 5568K, reserved 1048576K
}
Event: 22.378 GC heap after
{Heap after GC invocations=12 (full 0):
 garbage-first heap   total 61440K, used 27561K [0x0000000081c00000, 0x0000000100000000)
  region size 1024K, 3 young (3072K), 3 survivors (3072K)
 Metaspace       used 41031K, committed 41472K, reserved 1114112K
  class space    used 5381K, committed 5568K, reserved 1048576K
}
Event: 22.917 GC heap before
{Heap before GC invocations=12 (full 0):
 garbage-first heap   total 61440K, used 51113K [0x0000000081c00000, 0x0000000100000000)
  region size 1024K, 26 young (26624K), 3 survivors (3072K)
 Metaspace       used 42776K, committed 43264K, reserved 1114112K
  class space    used 5616K, committed 5824K, reserved 1048576K
}
Event: 22.929 GC heap after
{Heap after GC invocations=13 (full 0):
 garbage-first heap   total 61440K, used 30413K [0x0000000081c00000, 0x0000000100000000)
  region size 1024K, 3 young (3072K), 3 survivors (3072K)
 Metaspace       used 42776K, committed 43264K, reserved 1114112K
  class space    used 5616K, committed 5824K, reserved 1048576K
}
Event: 24.209 GC heap before
{Heap before GC invocations=13 (full 0):
 garbage-first heap   total 61440K, used 52941K [0x0000000081c00000, 0x0000000100000000)
  region size 1024K, 25 young (25600K), 3 survivors (3072K)
 Metaspace       used 46678K, committed 47232K, reserved 1114112K
  class space    used 6110K, committed 6336K, reserved 1048576K
}
Event: 24.231 GC heap after
{Heap after GC invocations=14 (full 0):
 garbage-first heap   total 61440K, used 33058K [0x0000000081c00000, 0x0000000100000000)
  region size 1024K, 3 young (3072K), 3 survivors (3072K)
 Metaspace       used 46678K, committed 47232K, reserved 1114112K
  class space    used 6110K, committed 6336K, reserved 1048576K
}
Event: 25.524 GC heap before
{Heap before GC invocations=14 (full 0):
 garbage-first heap   total 61440K, used 52514K [0x0000000081c00000, 0x0000000100000000)
  region size 1024K, 24 young (24576K), 3 survivors (3072K)
 Metaspace       used 51722K, committed 52352K, reserved 1114112K
  class space    used 6671K, committed 6976K, reserved 1048576K
}
Event: 25.528 GC heap after
{Heap after GC invocations=15 (full 0):
 garbage-first heap   total 61440K, used 34553K [0x0000000081c00000, 0x0000000100000000)
  region size 1024K, 2 young (2048K), 2 survivors (2048K)
 Metaspace       used 51722K, committed 52352K, reserved 1114112K
  class space    used 6671K, committed 6976K, reserved 1048576K
}
Event: 26.078 GC heap before
{Heap before GC invocations=16 (full 0):
 garbage-first heap   total 61440K, used 52985K [0x0000000081c00000, 0x0000000100000000)
  region size 1024K, 21 young (21504K), 2 survivors (2048K)
 Metaspace       used 56935K, committed 57536K, reserved 1114112K
  class space    used 7336K, committed 7616K, reserved 1048576K
}
Event: 26.081 GC heap after
{Heap after GC invocations=17 (full 0):
 garbage-first heap   total 61440K, used 35412K [0x0000000081c00000, 0x0000000100000000)
  region size 1024K, 1 young (1024K), 1 survivors (1024K)
 Metaspace       used 56935K, committed 57536K, reserved 1114112K
  class space    used 7336K, committed 7616K, reserved 1048576K
}
Event: 27.075 GC heap before
{Heap before GC invocations=17 (full 0):
 garbage-first heap   total 61440K, used 54868K [0x0000000081c00000, 0x0000000100000000)
  region size 1024K, 20 young (20480K), 1 survivors (1024K)
 Metaspace       used 60944K, committed 61568K, reserved 1114112K
  class space    used 8093K, committed 8384K, reserved 1048576K
}
Event: 27.083 GC heap after
{Heap after GC invocations=18 (full 0):
 garbage-first heap   total 61440K, used 32792K [0x0000000081c00000, 0x0000000100000000)
  region size 1024K, 2 young (2048K), 2 survivors (2048K)
 Metaspace       used 60944K, committed 61568K, reserved 1114112K
  class space    used 8093K, committed 8384K, reserved 1048576K
}

